<?xml version="1.0" encoding="UTF-8"?>
<testng-results ignored="0" total="2" passed="2" failed="0" skipped="0">
  <reporter-output>
  </reporter-output>
  <suite started-at="2025-09-29T16:32:00 IST" name="Suite" finished-at="2025-09-29T16:32:44 IST" duration-ms="43802">
    <groups>
    </groups>
    <test started-at="2025-09-29T16:32:00 IST" name="Test" finished-at="2025-09-29T16:32:44 IST" duration-ms="43802">
      <class name="com.app.qa.testcases.LoginPageTest">
        <test-method is-config="true" signature="setup()[pri:0, instance:com.app.qa.testcases.LoginPageTest@37313c65]" started-at="2025-09-29T16:32:00 IST" name="setup" finished-at="2025-09-29T16:32:24 IST" duration-ms="23879" status="PASS">
          <reporter-output>
          </reporter-output>
        </test-method> <!-- setup -->
        <test-method signature="loginTest()[pri:0, instance:com.app.qa.testcases.LoginPageTest@37313c65]" started-at="2025-09-29T16:32:24 IST" name="loginTest" finished-at="2025-09-29T16:32:25 IST" duration-ms="639" status="PASS">
          <reporter-output>
          </reporter-output>
        </test-method> <!-- loginTest -->
        <test-method is-config="true" signature="teardown()[pri:0, instance:com.app.qa.testcases.LoginPageTest@37313c65]" started-at="2025-09-29T16:32:25 IST" name="teardown" finished-at="2025-09-29T16:32:25 IST" duration-ms="376" status="PASS">
          <reporter-output>
          </reporter-output>
        </test-method> <!-- teardown -->
        <test-method is-config="true" signature="setup()[pri:0, instance:com.app.qa.testcases.LoginPageTest@37313c65]" started-at="2025-09-29T16:32:25 IST" name="setup" finished-at="2025-09-29T16:32:30 IST" duration-ms="4585" status="PASS">
          <reporter-output>
          </reporter-output>
        </test-method> <!-- setup -->
        <test-method signature="loginpagetitletest()[pri:0, instance:com.app.qa.testcases.LoginPageTest@37313c65]" started-at="2025-09-29T16:32:30 IST" name="loginpagetitletest" finished-at="2025-09-29T16:32:43 IST" duration-ms="13759" status="PASS">
          <reporter-output>
          </reporter-output>
        </test-method> <!-- loginpagetitletest -->
        <test-method is-config="true" signature="teardown()[pri:0, instance:com.app.qa.testcases.LoginPageTest@37313c65]" started-at="2025-09-29T16:32:43 IST" name="teardown" finished-at="2025-09-29T16:32:44 IST" duration-ms="273" status="PASS">
          <reporter-output>
          </reporter-output>
        </test-method> <!-- teardown -->
      </class> <!-- com.app.qa.testcases.LoginPageTest -->
    </test> <!-- Test -->
  </suite> <!-- Suite -->
</testng-results>
